AutoRest code generation utility [cli version: 3.6.1; node: v16.15.1]
(C) 2018 Microsoft Corporation.
https://aka.ms/autorest
info    |    Loading AutoRest core      '/home/runner/work/bicep-types-az/bicep-types-az/src/generator/node_modules/@autorest/core/dist' (3.8.4)
info    |    Loading local AutoRest extension '@autorest/bicep' (/home/runner/work/bicep-types-az/bicep-types-az/src/autorest.bicep)
info    |    Loading AutoRest extension '@autorest/modelerfour' (*->4.23.6)
info    | Processing batch task - {"tag":"microsoft.labservices-2021-11-15-preview"} .
info    |    Loading local AutoRest extension '@autorest/bicep' (/home/runner/work/bicep-types-az/bicep-types-az/src/autorest.bicep)
info    |    Loading AutoRest extension '@autorest/modelerfour' (*->4.23.6)
warning | SkippedSemanticValidation | Semantic validation was skipped.
warning | PreCheck/CheckDuplicateSchemas | Checking for duplicate schemas, this could take a (long) while.  Run with --verbose for more detail.
warning | Skipping resource action saveImage under path '/subscriptions/{subscriptionId}/resourceGroups/{resourceGroupName}/providers/Microsoft.LabServices/labPlans/{labPlanName}/saveImage': failed to find a response schema
warning | Skipping resource action publish under path '/subscriptions/{subscriptionId}/resourceGroups/{resourceGroupName}/providers/Microsoft.LabServices/labs/{labName}/publish': failed to find a response schema
warning | Skipping resource action syncGroup under path '/subscriptions/{subscriptionId}/resourceGroups/{resourceGroupName}/providers/Microsoft.LabServices/labs/{labName}/syncGroup': failed to find a response schema
warning | Skipping resource action invite under path '/subscriptions/{subscriptionId}/resourceGroups/{resourceGroupName}/providers/Microsoft.LabServices/labs/{labName}/users/{userName}/invite': failed to find a response schema
warning | Skipping resource action start under path '/subscriptions/{subscriptionId}/resourceGroups/{resourceGroupName}/providers/Microsoft.LabServices/labs/{labName}/virtualMachines/{virtualMachineName}/start': failed to find a response schema
warning | Skipping resource action stop under path '/subscriptions/{subscriptionId}/resourceGroups/{resourceGroupName}/providers/Microsoft.LabServices/labs/{labName}/virtualMachines/{virtualMachineName}/stop': failed to find a response schema
warning | Skipping resource action reimage under path '/subscriptions/{subscriptionId}/resourceGroups/{resourceGroupName}/providers/Microsoft.LabServices/labs/{labName}/virtualMachines/{virtualMachineName}/reimage': failed to find a response schema
warning | Skipping resource action redeploy under path '/subscriptions/{subscriptionId}/resourceGroups/{resourceGroupName}/providers/Microsoft.LabServices/labs/{labName}/virtualMachines/{virtualMachineName}/redeploy': failed to find a response schema
warning | Skipping resource action resetPassword under path '/subscriptions/{subscriptionId}/resourceGroups/{resourceGroupName}/providers/Microsoft.LabServices/labs/{labName}/virtualMachines/{virtualMachineName}/resetPassword': failed to find a response schema
info    | autorest.bicep took 15ms
info    | Processing batch task - {"tag":"microsoft.labservices-2021-10-01-preview"} .
info    |    Loading local AutoRest extension '@autorest/bicep' (/home/runner/work/bicep-types-az/bicep-types-az/src/autorest.bicep)
info    |    Loading AutoRest extension '@autorest/modelerfour' (*->4.23.6)
warning | SkippedSemanticValidation | Semantic validation was skipped.
warning | PreCheck/CheckDuplicateSchemas | Checking for duplicate schemas, this could take a (long) while.  Run with --verbose for more detail.
warning | Skipping resource action saveImage under path '/subscriptions/{subscriptionId}/resourceGroups/{resourceGroupName}/providers/Microsoft.LabServices/labPlans/{labPlanName}/saveImage': failed to find a response schema
warning | Skipping resource action publish under path '/subscriptions/{subscriptionId}/resourceGroups/{resourceGroupName}/providers/Microsoft.LabServices/labs/{labName}/publish': failed to find a response schema
warning | Skipping resource action syncGroup under path '/subscriptions/{subscriptionId}/resourceGroups/{resourceGroupName}/providers/Microsoft.LabServices/labs/{labName}/syncGroup': failed to find a response schema
warning | Skipping resource action invite under path '/subscriptions/{subscriptionId}/resourceGroups/{resourceGroupName}/providers/Microsoft.LabServices/labs/{labName}/users/{userName}/invite': failed to find a response schema
warning | Skipping resource action start under path '/subscriptions/{subscriptionId}/resourceGroups/{resourceGroupName}/providers/Microsoft.LabServices/labs/{labName}/virtualMachines/{virtualMachineName}/start': failed to find a response schema
warning | Skipping resource action stop under path '/subscriptions/{subscriptionId}/resourceGroups/{resourceGroupName}/providers/Microsoft.LabServices/labs/{labName}/virtualMachines/{virtualMachineName}/stop': failed to find a response schema
warning | Skipping resource action reimage under path '/subscriptions/{subscriptionId}/resourceGroups/{resourceGroupName}/providers/Microsoft.LabServices/labs/{labName}/virtualMachines/{virtualMachineName}/reimage': failed to find a response schema
warning | Skipping resource action redeploy under path '/subscriptions/{subscriptionId}/resourceGroups/{resourceGroupName}/providers/Microsoft.LabServices/labs/{labName}/virtualMachines/{virtualMachineName}/redeploy': failed to find a response schema
warning | Skipping resource action resetPassword under path '/subscriptions/{subscriptionId}/resourceGroups/{resourceGroupName}/providers/Microsoft.LabServices/labs/{labName}/virtualMachines/{virtualMachineName}/resetPassword': failed to find a response schema
info    | autorest.bicep took 5ms
info    | Processing batch task - {"tag":"microsoft.labservices-2018-10-15"} .
info    |    Loading local AutoRest extension '@autorest/bicep' (/home/runner/work/bicep-types-az/bicep-types-az/src/autorest.bicep)
info    |    Loading AutoRest extension '@autorest/modelerfour' (*->4.23.6)
warning | SkippedSemanticValidation | Semantic validation was skipped.
warning | PreCheck/CheckDuplicateSchemas | Checking for duplicate schemas, this could take a (long) while.  Run with --verbose for more detail.
warning | Skipping resource action register under path '/providers/Microsoft.LabServices/users/{userName}/register': failed to find a response schema
warning | Skipping resource action resetPassword under path '/providers/Microsoft.LabServices/users/{userName}/resetPassword': failed to find a response schema
warning | Skipping resource action startEnvironment under path '/providers/Microsoft.LabServices/users/{userName}/startEnvironment': failed to find a response schema
warning | Skipping resource action stopEnvironment under path '/providers/Microsoft.LabServices/users/{userName}/stopEnvironment': failed to find a response schema
warning | Skipping resource action createLab under path '/subscriptions/{subscriptionId}/resourceGroups/{resourceGroupName}/providers/Microsoft.LabServices/labaccounts/{labAccountName}/createLab': failed to find a response schema
warning | Skipping resource action addUsers under path '/subscriptions/{subscriptionId}/resourceGroups/{resourceGroupName}/providers/Microsoft.LabServices/labaccounts/{labAccountName}/labs/{labName}/addUsers': failed to find a response schema
warning | Skipping resource action register under path '/subscriptions/{subscriptionId}/resourceGroups/{resourceGroupName}/providers/Microsoft.LabServices/labaccounts/{labAccountName}/labs/{labName}/register': failed to find a response schema
warning | Skipping resource action claimAny under path '/subscriptions/{subscriptionId}/resourceGroups/{resourceGroupName}/providers/Microsoft.LabServices/labaccounts/{labAccountName}/labs/{labName}/environmentsettings/{environmentSettingName}/claimAny': failed to find a response schema
warning | Skipping resource action publish under path '/subscriptions/{subscriptionId}/resourceGroups/{resourceGroupName}/providers/Microsoft.LabServices/labaccounts/{labAccountName}/labs/{labName}/environmentsettings/{environmentSettingName}/publish': failed to find a response schema
warning | Skipping resource action start under path '/subscriptions/{subscriptionId}/resourceGroups/{resourceGroupName}/providers/Microsoft.LabServices/labaccounts/{labAccountName}/labs/{labName}/environmentsettings/{environmentSettingName}/start': failed to find a response schema
warning | Skipping resource action stop under path '/subscriptions/{subscriptionId}/resourceGroups/{resourceGroupName}/providers/Microsoft.LabServices/labaccounts/{labAccountName}/labs/{labName}/environmentsettings/{environmentSettingName}/stop': failed to find a response schema
warning | Skipping resource action claim under path '/subscriptions/{subscriptionId}/resourceGroups/{resourceGroupName}/providers/Microsoft.LabServices/labaccounts/{labAccountName}/labs/{labName}/environmentsettings/{environmentSettingName}/environments/{environmentName}/claim': failed to find a response schema
warning | Skipping resource action resetPassword under path '/subscriptions/{subscriptionId}/resourceGroups/{resourceGroupName}/providers/Microsoft.LabServices/labaccounts/{labAccountName}/labs/{labName}/environmentsettings/{environmentSettingName}/environments/{environmentName}/resetPassword': failed to find a response schema
warning | Skipping resource action start under path '/subscriptions/{subscriptionId}/resourceGroups/{resourceGroupName}/providers/Microsoft.LabServices/labaccounts/{labAccountName}/labs/{labName}/environmentsettings/{environmentSettingName}/environments/{environmentName}/start': failed to find a response schema
warning | Skipping resource action stop under path '/subscriptions/{subscriptionId}/resourceGroups/{resourceGroupName}/providers/Microsoft.LabServices/labaccounts/{labAccountName}/labs/{labName}/environmentsettings/{environmentSettingName}/environments/{environmentName}/stop': failed to find a response schema
info    | autorest.bicep took 8ms
info    | Autorest completed in 10.05s. 6 files generated.
