AutoRest code generation utility [cli version: 3.6.2; node: v18.14.1]
(C) 2018 Microsoft Corporation.
https://aka.ms/autorest
warning | SkippedSemanticValidation | Semantic validation was skipped.
warning | PreCheck/CheckDuplicateSchemas | Checking for duplicate schemas, this could take a (long) while.  Run with --verbose for more detail.
warning | Skipping resource POST action path '/subscriptions/{subscriptionId}/providers/Microsoft.Peering/checkServiceProviderAvailability': Unable to find type segments
warning | Skipping resource POST action path '/subscriptions/{subscriptionId}/providers/Microsoft.Peering/lookingGlass': Unable to find type segments
warning | Skipping resource POST action path '/subscriptions/{subscriptionId}/providers/Microsoft.Peering/initializeConnectionMonitor': Unable to find type segments
warning | SkippedSemanticValidation | Semantic validation was skipped.
warning | PreCheck/CheckDuplicateSchemas | Checking for duplicate schemas, this could take a (long) while.  Run with --verbose for more detail.
warning | Skipping resource POST action path '/subscriptions/{subscriptionId}/providers/Microsoft.Peering/checkServiceProviderAvailability': Unable to find type segments
warning | Skipping resource POST action path '/subscriptions/{subscriptionId}/providers/Microsoft.Peering/lookingGlass': Unable to find type segments
warning | Skipping resource POST action path '/subscriptions/{subscriptionId}/providers/Microsoft.Peering/initializeConnectionMonitor': Unable to find type segments
warning | SkippedSemanticValidation | Semantic validation was skipped.
warning | PreCheck/CheckDuplicateSchemas | Checking for duplicate schemas, this could take a (long) while.  Run with --verbose for more detail.
warning | Skipping resource POST action path '/subscriptions/{subscriptionId}/providers/Microsoft.Peering/checkServiceProviderAvailability': Unable to find type segments
warning | Skipping resource POST action path '/subscriptions/{subscriptionId}/providers/Microsoft.Peering/lookingGlass': Unable to find type segments
warning | Skipping resource POST action path '/subscriptions/{subscriptionId}/providers/Microsoft.Peering/initializeConnectionMonitor': Unable to find type segments
warning | SkippedSemanticValidation | Semantic validation was skipped.
warning | PreCheck/CheckDuplicateSchemas | Checking for duplicate schemas, this could take a (long) while.  Run with --verbose for more detail.
warning | Skipping resource POST action path '/subscriptions/{subscriptionId}/providers/Microsoft.Peering/checkServiceProviderAvailability': Unable to find type segments
warning | Skipping resource POST action path '/subscriptions/{subscriptionId}/providers/Microsoft.Peering/lookingGlass': Unable to find type segments
warning | Skipping resource POST action path '/subscriptions/{subscriptionId}/providers/Microsoft.Peering/initializeConnectionMonitor': Unable to find type segments
warning | SkippedSemanticValidation | Semantic validation was skipped.
warning | PreCheck/CheckDuplicateSchemas | Checking for duplicate schemas, this could take a (long) while.  Run with --verbose for more detail.
warning | Skipping resource POST action path '/subscriptions/{subscriptionId}/providers/Microsoft.Peering/CheckServiceProviderAvailability': Unable to find type segments
warning | SkippedSemanticValidation | Semantic validation was skipped.
warning | PreCheck/CheckDuplicateSchemas | Checking for duplicate schemas, this could take a (long) while.  Run with --verbose for more detail.
warning | Skipping resource POST action path '/subscriptions/{subscriptionId}/providers/Microsoft.Peering/CheckServiceProviderAvailability': Unable to find type segments
warning | SkippedSemanticValidation | Semantic validation was skipped.
warning | PreCheck/CheckDuplicateSchemas | Checking for duplicate schemas, this could take a (long) while.  Run with --verbose for more detail.
warning | Skipping resource POST action path '/subscriptions/{subscriptionId}/providers/Microsoft.Peering/CheckServiceProviderAvailability': Unable to find type segments
warning | SkippedSemanticValidation | Semantic validation was skipped.
warning | PreCheck/CheckDuplicateSchemas | Checking for duplicate schemas, this could take a (long) while.  Run with --verbose for more detail.
warning | Skipping resource POST action path '/subscriptions/{subscriptionId}/providers/Microsoft.Peering/CheckServiceProviderAvailability': Unable to find type segments
warning | SkippedSemanticValidation | Semantic validation was skipped.
warning | PreCheck/CheckDuplicateSchemas | Checking for duplicate schemas, this could take a (long) while.  Run with --verbose for more detail.
warning | Skipping resource POST action path '/subscriptions/{subscriptionId}/providers/Microsoft.Peering/CheckServiceProviderAvailability': Unable to find type segments
warning | SkippedSemanticValidation | Semantic validation was skipped.
warning | PreCheck/CheckDuplicateSchemas | Checking for duplicate schemas, this could take a (long) while.  Run with --verbose for more detail.
warning | Skipping resource POST action path '/subscriptions/{subscriptionId}/providers/Microsoft.Peering/CheckServiceProviderAvailability': Unable to find type segments
